device/build/outputs/mapping/release/configuration.txt
# The proguard configuration file for the following section is release/generateReleaseLibraryProguardRules/aapt_rules.txt
# Generated by the gradle plugin

# End of content from release/generateReleaseLibraryProguardRules/aapt_rules.txt
# The proguard configuration file for the following section is default_proguard_files/global/proguard-android-optimize.txt-8.13.0
# This is a configuration file for ProGuard.
# http://proguard.sourceforge.net/index.html#manual/usage.html
#
# Starting with version 2.2 of the Android plugin for Gradle, this file is distributed together with
# the plugin and unpacked at build-time. The files in $ANDROID_HOME are no longer maintained and
# will be ignored by new version of the Android plugin for Gradle.

# Optimizations: If you don't want to optimize, use the proguard-android.txt configuration file
# instead of this one, which turns off the optimization flags.
-allowaccessmodification

# Preserve some attributes that may be required for reflection.
-keepattributes AnnotationDefault,
                EnclosingMethod,
                InnerClasses,
                RuntimeVisibleAnnotations,
                RuntimeVisibleParameterAnnotations,
                RuntimeVisibleTypeAnnotations,
                Signature

-keep public class com.google.vending.licensing.ILicensingService
-keep public class com.android.vending.licensing.ILicensingService
-keep public class com.google.android.vending.licensing.ILicensingService
-dontnote com.android.vending.licensing.ILicensingService
-dontnote com.google.vending.licensing.ILicensingService
-dontnote com.google.android.vending.licensing.ILicensingService

# For native methods, see https://www.guardsquare.com/manual/configuration/examples#native
-keepclasseswithmembernames,includedescriptorclasses class * {
    native <methods>;
}

# Keep setters in Views so that animations can still work.
-keepclassmembers public class * extends android.view.View {
    void set*(***);
    *** get*();
}

# We want to keep methods in Activity that could be used in the XML attribute onClick.
-keepclassmembers class * extends android.app.Activity {
    public void *(android.view.View);
}

# For enumeration classes, see https://www.guardsquare.com/manual/configuration/examples#enumerations
-keepclassmembers enum * {
    public static **[] values();
    public static ** valueOf(java.lang.String);
}

-keepclassmembers class * implements android.os.Parcelable {
    public static final ** CREATOR;
}

# Preserve annotated Javascript interface methods.
-keepclassmembers class * {
    @android.webkit.JavascriptInterface <methods>;
}

# The support libraries contains references to newer platform versions.
# Don't warn about those in case this app is linking against an older
# platform version. We know about them, and they are safe.
-dontnote android.support.**
-dontnote androidx.**
-dontwarn android.support.**
-dontwarn androidx.**

# Understand the @Keep support annotation.
-keep class android.support.annotation.Keep

-keep @android.support.annotation.Keep class * {*;}

-keepclasseswithmembers class * {
    @android.support.annotation.Keep <methods>;
}

-keepclasseswithmembers class * {
    @android.support.annotation.Keep <fields>;
}

-keepclasseswithmembers class * {
    @android.support.annotation.Keep <init>(...);
}

# These classes are duplicated between android.jar and org.apache.http.legacy.jar.
-dontnote org.apache.http.**
-dontnote android.net.http.**

# These classes are duplicated between android.jar and core-lambda-stubs.jar.
-dontnote java.lang.invoke.**

# End of content from default_proguard_files/global/proguard-android-optimize.txt-8.13.0
# The proguard configuration file for the following section is workspace/device/proguard-rules.pro
# Device Module ProGuard Rules for CDC Credit Smart
# Preserves manufacturer-specific APIs and Device Owner functionality

# Keep all device management related classes
-keep class com.cdccreditsmart.device.** { *; }

# Keep Device Admin Receiver
-keep class com.cdccreditsmart.device.CDCDeviceAdminReceiver { *; }

# Samsung Knox SDK preservation
-keep class com.samsung.android.knox.** { *; }
-keep class com.sec.enterprise.** { *; }
-keep interface com.samsung.android.knox.** { *; }
-dontwarn com.samsung.android.knox.**

# Samsung Knox exceptions for obfuscation
-keepclassmembers class com.samsung.android.knox.** {
    public *;
}

# MIUI (Xiaomi) APIs preservation
-keep class miui.** { *; }
-keep class com.miui.** { *; }
-dontwarn miui.**
-dontwarn com.miui.**

# Keep MIUI system properties access
-keepclassmembers class android.os.SystemProperties {
    public static java.lang.String get(java.lang.String);
    public static java.lang.String get(java.lang.String, java.lang.String);
}

# ColorOS (Realme/OPPO) APIs preservation
-keep class com.coloros.** { *; }
-keep class com.oppo.** { *; }
-keep class com.oneplus.** { *; }
-dontwarn com.coloros.**
-dontwarn com.oppo.**
-dontwarn com.oneplus.**

# Motorola Enterprise APIs
-keep class com.motorola.** { *; }
-keep class com.lenovo.** { *; }
-dontwarn com.motorola.**
-dontwarn com.lenovo.**

# LG APIs preservation
-keep class com.lge.** { *; }
-dontwarn com.lge.**

# Positivo APIs preservation
-keep class com.positivo.** { *; }
-dontwarn com.positivo.**

# Android Device Administration APIs
-keep class android.app.admin.** { *; }
-keep class android.app.Application
-keep class android.app.ApplicationErrorReport
-keep class android.app.ActivityManager
-keep class android.content.pm.PackageManager

# Keep Device Policy Manager and related classes
-keepclassmembers class android.app.admin.DevicePolicyManager {
    public *;
}

# Keep User Manager for user restrictions
-keepclassmembers class android.os.UserManager {
    public *;
}

# Reflection prevention for manufacturer detection
-keepclassmembers class android.os.Build {
    public static final java.lang.String MANUFACTURER;
    public static final java.lang.String MODEL;
    public static final java.lang.String BRAND;
    public static final java.lang.String DEVICE;
    public static final java.lang.String DISPLAY;
}

-keepclassmembers class android.os.Build$VERSION {
    public static final java.lang.String RELEASE;
    public static final int SDK_INT;
}

# Keep system properties access
-keep class java.lang.System {
    public static java.lang.String getProperty(java.lang.String);
}

# Keep reflection-based manufacturer detection
-keepclassmembers class java.lang.Class {
    public java.lang.reflect.Field getDeclaredField(java.lang.String);
    public java.lang.reflect.Method getDeclaredMethod(java.lang.String, java.lang.Class[]);
    public static java.lang.Class forName(java.lang.String);
}

# Keep component names for device admin
-keep class android.content.ComponentName

# Security and attestation APIs
-keep class androidx.security.** { *; }
-keep class com.google.android.play.core.integrity.** { *; }

# Coroutines for async operations
-keepnames class kotlinx.coroutines.internal.MainDispatcherFactory {}
-keepnames class kotlinx.coroutines.CoroutineExceptionHandler {}
-keepnames class kotlinx.coroutines.android.AndroidExceptionPreHandler {}
-keepnames class kotlinx.coroutines.android.AndroidDispatcher {}

# Hilt dependency injection
-dontwarn com.google.errorprone.annotations.**

# Work Manager for background tasks
-keep class androidx.work.** { *; }

# Prevent removal of unused methods that might be called via manufacturer APIs
-keepclassmembers class ** {
    @javax.inject.Inject <init>(...);
    @javax.inject.Inject <fields>;
}

# Keep Hilt generated components
-keep class dagger.hilt.** { *; }
-keep class * extends dagger.hilt.internal.GeneratedComponent

# ===== WebSocket Command Classes from Network Module =====
# Keep all WebSocket command classes that device module depends on
-keep class com.cdccreditsmart.network.websocket.** { *; }

# Specific classes for WebSocket commands - prevent R8 from removing these
-keep class com.cdccreditsmart.network.websocket.DeviceCommand { *; }
-keep class com.cdccreditsmart.network.websocket.DeviceCommandWrapper { *; }
-keep class com.cdccreditsmart.network.websocket.CommandData { *; }
-keep class com.cdccreditsmart.network.websocket.BlockCommand { *; }
-keep class com.cdccreditsmart.network.websocket.UnblockCommand { *; }
-keep class com.cdccreditsmart.network.websocket.UninstallCommand { *; }
-keep class com.cdccreditsmart.network.websocket.ApkUpdateCommand { *; }
-keep class com.cdccreditsmart.network.websocket.ApkUpdateData { *; }
-keep class com.cdccreditsmart.network.websocket.CommandAcknowledgment { *; }

# Keep sealed class and inheritance relationships
-keepclassmembers class com.cdccreditsmart.network.websocket.DeviceCommand {
    public *;
    protected *;
}

# Keep all public constructors and fields for command data classes
-keepclassmembers class com.cdccreditsmart.network.websocket.CommandData {
    public <init>(...);
    public *;
    protected *;
}

# Keep all public constructors and fields for APK update data
-keepclassmembers class com.cdccreditsmart.network.websocket.ApkUpdateData {
    public <init>(...);
    public *;
    protected *;
}

# Keep Moshi JSON adapters for WebSocket classes (generated by KSP)
-keep class com.cdccreditsmart.network.websocket.**JsonAdapter { *; }
-keep class **JsonAdapter {
    <init>(...);
    <fields>;
}

# Keep WebSocket type information for reflection and serialization
-keepclassmembers class com.cdccreditsmart.network.websocket.** {
    public <init>(...);
    public *;
    protected *;
}

# Prevent obfuscation of WebSocket command types - keep original names
-keepnames class com.cdccreditsmart.network.websocket.DeviceCommand
-keepnames class com.cdccreditsmart.network.websocket.BlockCommand
-keepnames class com.cdccreditsmart.network.websocket.UnblockCommand
-keepnames class com.cdccreditsmart.network.websocket.UninstallCommand
-keepnames class com.cdccreditsmart.network.websocket.ApkUpdateCommand
-keepnames class com.cdccreditsmart.network.websocket.CommandData
-keepnames class com.cdccreditsmart.network.websocket.ApkUpdateData

# Keep WebSocket connection status and error classes
-keep class com.cdccreditsmart.network.websocket.WebSocketConnectionStatus { *; }
-keep class com.cdccreditsmart.network.websocket.WebSocketError { *; }

# General rules for manufacturer-specific features
-assumenosideeffects class android.util.Log {
    public static boolean isLoggable(java.lang.String, int);
    public static int v(...);
    public static int d(...);
    public static int i(...);
    public static int w(...);
    public static int e(...);
}

# Keep enum classes used in device management
-keepclassmembers enum * {
    public static **[] values();
    public static ** valueOf(java.lang.String);
}

# Specific rules for manufacturer package detection
-keep class android.content.pm.ApplicationInfo
-keep class android.content.pm.PackageInfo
-keepclassmembers class android.content.pm.PackageManager {
    public android.content.pm.PackageInfo getPackageInfo(java.lang.String, int);
    public java.util.List getInstalledPackages(int);
}

# Keep NetworkSecurityPolicy for Knox
-keep class android.security.NetworkSecurityPolicy { *; }

# Keep Intent actions and extras
-keepclassmembers class android.content.Intent {
    public static final java.lang.String *;
}

# Additional manufacturer-specific exceptions
-dontwarn javax.annotation.**
-dontwarn org.codehaus.mojo.animal_sniffer.IgnoreJRERequirement

# Keep generic types for manufacturer adapters
-keepattributes Signature
-keepattributes *Annotation*
-keepattributes SourceFile,LineNumberTable
# End of content from workspace/device/proguard-rules.pro
# The proguard configuration file for the following section is exportReleaseConsumerProguardFiles/lib0/proguard.txt
# Consumer ProGuard rules for CDC CreditSmart data module
# These rules will be applied to modules that depend on this data module

# Keep Room classes for consumers
-keep class androidx.room.** { *; }
-dontwarn androidx.room.**

# Keep StringConcatFactory for Room compatibility in consumer modules
-keep class java.lang.invoke.StringConcatFactory { *; }
-dontwarn java.lang.invoke.**

# Keep CDC data model classes that may be exposed to consumers
-keep class com.cdccreditsmart.data.entity.** { *; }
-keep class com.cdccreditsmart.data.local.CDCDatabase { *; }

# Keep Room database interface for consumers
-keep interface com.cdccreditsmart.data.local.** { *; }

# Keep repository interfaces exposed to consumers
-keep interface com.cdccreditsmart.data.repository.** { *; }

# Keep Room annotations for consumer classes
-keep @androidx.room.Entity class * { *; }
-keep @androidx.room.Dao class * { *; }
-keep @androidx.room.Database class * { *; }

# Keep Hilt modules exposed to consumers
-keep @dagger.hilt.InstallIn class * { *; }
-keep @dagger.Module class * { *; }
-keep @dagger.Provides class * { *; }

# Keep attributes needed for Room in consumer modules
-keepattributes *Annotation*
-keepattributes Signature
# End of content from exportReleaseConsumerProguardFiles/lib0/proguard.txt
# The proguard configuration file for the following section is exportReleaseConsumerProguardFiles/lib0/proguard.txt
# Network module consumer ProGuard rules
# Add any consumer-specific ProGuard rules here

# Keep all network DTOs for JSON serialization
-keep class com.cdccreditsmart.network.api.** { *; }
-keep class com.cdccreditsmart.network.dto.** { *; }

# Keep Resource class
-keep class com.cdccreditsmart.network.error.Resource { *; }

# Keep exception classes
-keep class com.cdccreditsmart.network.error.** extends java.lang.Exception { *; }

# ===== CRITICAL: WebSocket Command Classes for Device Module =====
# These classes MUST be preserved for dependent modules (device module)
-keep class com.cdccreditsmart.network.websocket.** { *; }

# Specific WebSocket command classes that device module requires
-keep public class com.cdccreditsmart.network.websocket.DeviceCommand { *; }
-keep public class com.cdccreditsmart.network.websocket.DeviceCommandWrapper { *; }
-keep public class com.cdccreditsmart.network.websocket.CommandData { *; }
-keep public class com.cdccreditsmart.network.websocket.BlockCommand { *; }
-keep public class com.cdccreditsmart.network.websocket.UnblockCommand { *; }
-keep public class com.cdccreditsmart.network.websocket.UninstallCommand { *; }
-keep public class com.cdccreditsmart.network.websocket.ApkUpdateCommand { *; }
-keep public class com.cdccreditsmart.network.websocket.ApkUpdateData { *; }
-keep public class com.cdccreditsmart.network.websocket.CommandAcknowledgment { *; }

# Keep WebSocket connection and error classes
-keep public class com.cdccreditsmart.network.websocket.WebSocketConnectionStatus { *; }
-keep public class com.cdccreditsmart.network.websocket.WebSocketError { *; }

# Keep WebSocket service classes
-keep public class com.cdccreditsmart.network.websocket.DeviceCommandWebSocketService { *; }
-keep public class com.cdccreditsmart.network.websocket.FlowStatusWebSocketService { *; }

# Keep sealed class members and inheritance
-keepclassmembers class com.cdccreditsmart.network.websocket.DeviceCommand {
    public *;
    protected *;
}

# Keep constructors and public members for data classes
-keepclassmembers class com.cdccreditsmart.network.websocket.CommandData {
    public <init>(...);
    public *;
    protected *;
}

-keepclassmembers class com.cdccreditsmart.network.websocket.ApkUpdateData {
    public <init>(...);
    public *;
    protected *;
}

# Keep Moshi JSON adapters for WebSocket serialization
-keep class com.cdccreditsmart.network.websocket.**JsonAdapter { *; }
-keep class **$*JsonAdapter {
    <init>(...);
    <fields>;
}

# Prevent obfuscation of WebSocket command type names
-keepnames class com.cdccreditsmart.network.websocket.DeviceCommand
-keepnames class com.cdccreditsmart.network.websocket.BlockCommand
-keepnames class com.cdccreditsmart.network.websocket.UnblockCommand
-keepnames class com.cdccreditsmart.network.websocket.UninstallCommand
-keepnames class com.cdccreditsmart.network.websocket.ApkUpdateCommand
-keepnames class com.cdccreditsmart.network.websocket.CommandData
-keepnames class com.cdccreditsmart.network.websocket.ApkUpdateData
-keepnames class com.cdccreditsmart.network.websocket.DeviceCommandWrapper
-keepnames class com.cdccreditsmart.network.websocket.CommandAcknowledgment

# Keep Kotlin data class components for dependent modules
-keepclassmembers class com.cdccreditsmart.network.websocket.** {
    public final *;
    public static final *;
    public static final *** Companion;
}

# Ensure public access for dependent modules
-keep public class com.cdccreditsmart.network.websocket.** { public *; }
# End of content from exportReleaseConsumerProguardFiles/lib0/proguard.txt
# The proguard configuration file for the following section is transformed/biometric-1.1.0/proguard.txt
# Copyright (C) 2020 The Android Open Source Project
#
# Licensed under the Apache License, Version 2.0 (the "License");
# you may not use this file except in compliance with the License.
# You may obtain a copy of the License at
#
#      http://www.apache.org/licenses/LICENSE-2.0
#
# Unless required by applicable law or agreed to in writing, software
# distributed under the License is distributed on an "AS IS" BASIS,
# WITHOUT WARRANTIES OR CONDITIONS OF ANY KIND, either express or implied.
# See the License for the specific language governing permissions and
# limitations under the License.

# Never inline methods, but allow shrinking and obfuscation.
-keepclassmembernames,allowobfuscation,allowshrinking
        class androidx.biometric.AuthenticationCallbackProvider$Api* {
    <methods>;
}
-keepclassmembernames,allowobfuscation,allowshrinking
        class androidx.biometric.BiometricFragment$Api* {
    <methods>;
}
-keepclassmembernames,allowobfuscation,allowshrinking
        class androidx.biometric.BiometricManager$Api* {
    <methods>;
}
-keepclassmembernames,allowobfuscation,allowshrinking
        class androidx.biometric.CancellationSignalProvider$Api* {
    <methods>;
}
-keepclassmembernames,allowobfuscation,allowshrinking
        class androidx.biometric.CryptoObjectUtils$Api* {
    <methods>;
}
-keepclassmembernames,allowobfuscation,allowshrinking
        class androidx.biometric.FingerprintDialogFragment$Api* {
    <methods>;
}
-keepclassmembernames,allowobfuscation,allowshrinking
        class androidx.biometric.KeyguardUtils$Api* {
    <methods>;
}
-keepclassmembernames,allowobfuscation,allowshrinking
        class androidx.biometric.PackageUtils$Api* {
    <methods>;
}

# End of content from transformed/biometric-1.1.0/proguard.txt
# The proguard configuration file for the following section is transformed/appcompat-1.7.0/proguard.txt
# Copyright (C) 2018 The Android Open Source Project
#
# Licensed under the Apache License, Version 2.0 (the "License");
# you may not use this file except in compliance with the License.
# You may obtain a copy of the License at
#
#      http://www.apache.org/licenses/LICENSE-2.0
#
# Unless required by applicable law or agreed to in writing, software
# distributed under the License is distributed on an "AS IS" BASIS,
# WITHOUT WARRANTIES OR CONDITIONS OF ANY KIND, either express or implied.
# See the License for the specific language governing permissions and
# limitations under the License.

# Never inline methods, but allow shrinking and obfuscation.
-keepclassmembernames,allowobfuscation,allowshrinking class androidx.appcompat.widget.AppCompatTextViewAutoSizeHelper$Impl* {
  <methods>;
}

# End of content from transformed/appcompat-1.7.0/proguard.txt
# The proguard configuration file for the following section is transformed/play-services-tasks-18.2.0/proguard.txt


# End of content from transformed/play-services-tasks-18.2.0/proguard.txt
# The proguard configuration file for the following section is transformed/play-services-basement-18.4.0/proguard.txt