device/build/outputs/mapping/release/seeds.txt
com.cdccreditsmart.device.offline.OfflineDataRepository$getPaymentsByInstallmentIds$2
com.cdccreditsmart.device.security.SecurityPolicyRepository$logAuditEvent$2
com.cdccreditsmart.device.offline.BackupDataManager$createIncrementalBackup$2
com.cdccreditsmart.device.security.OfflineBlockingEngineIntegration$WhenMappings
com.cdccreditsmart.device.ProvisioningDebugReceiver$Companion
com.cdccreditsmart.device.offline.BlockingPolicyExecutor$blockEntertainmentApps$2
com.cdccreditsmart.device.DeviceOwnerManager$Companion
com.cdccreditsmart.device.knox.IKnoxPasswordPolicy
com.cdccreditsmart.device.manufacturer.SamsungKnoxAdapter
com.cdccreditsmart.device.offline.model.PaymentAnalysis$Companion
com.cdccreditsmart.device.security.PolicyExecutionService$executeWallpaperControl$2
com.cdccreditsmart.device.manufacturer.XiaomiMiuiAdapter$prepareDeviceForSetup$2
com.cdccreditsmart.device.security.PolicyExecutionService$executeScreenTimeoutControl$2
com.cdccreditsmart.device.security.SecurityPolicyRepository$getAuditLogs$2
com.cdccreditsmart.device.UninstallStatusReceiver
com.cdccreditsmart.device.fallback.FallbackDeviceManager$setDeviceOwner$2
com.cdccreditsmart.device.security.SecurityPolicyRepository$cleanupOldAuditLogs$1
com.cdccreditsmart.device.offline.ContractSnapshot$getMultipleSnapshots$2
com.cdccreditsmart.device.security.PolicyExecutionService$executeNotificationConfig$2
com.cdccreditsmart.device.knox.IKnoxEnterpriseDeviceManager
com.cdccreditsmart.device.CommandExecutionStatus$Completed
com.cdccreditsmart.device.manufacturer.MotorolaAdapter$Companion
com.cdccreditsmart.device.offline.SecurityManager$detectTamperingAttempts$2
com.cdccreditsmart.device.offline.ContractSnapshot$getQuickSnapshot$2
com.cdccreditsmart.device.security.SecurityPolicyRepository$saveActivePolicies$2
com.cdccreditsmart.device.offline.BlockingPolicyExecutor$executeBlockingPolicy$2$WhenMappings
com.cdccreditsmart.device.offline.ContractSnapshot$getContractSnapshot$2
com.cdccreditsmart.device.manufacturer.ManufacturerAdapter
com.cdccreditsmart.device.security.DeviceSecurityPolicies
com.cdccreditsmart.device.knox.SimulatedKnoxImplementationsKt
com.cdccreditsmart.device.security.PolicyExecutionService$executeEmergencyConfig$2
com.cdccreditsmart.device.offline.model.PaymentSummary$Companion
com.cdccreditsmart.device.CommandExecutionStatus$Idle
com.cdccreditsmart.device.security.PolicyExecutionService$executeDevicePolicies$2
com.cdccreditsmart.device.offline.BackupDataManager
com.cdccreditsmart.device.offline.BlockingPolicyExecutor$executeBlockingPolicy$2
com.cdccreditsmart.device.manufacturer.XiaomiMiuiAdapter$Companion
com.cdccreditsmart.device.manufacturer.XiaomiMiuiAdapter$applySpecificPolicies$2
com.cdccreditsmart.device.offline.OfflineBlockingEngine$hasBlockingCapabilities$2
com.cdccreditsmart.device.security.OfflineBlockingEngineIntegration$monitorPaymentStatusChanges$2
com.cdccreditsmart.device.offline.OfflineBlockingEngine$forceReevaluation$2
com.cdccreditsmart.device.security.OfflineBlockingEngineIntegration
com.cdccreditsmart.device.manufacturer.SamsungKnoxAdapter$removeDeviceOwner$2
com.cdccreditsmart.device.offline.BlockingPolicyExecutor$setLockMessage$2
com.cdccreditsmart.device.security.PolicyExecutionService$executeAppBlocking$2
com.cdccreditsmart.device.security.PolicyExecutionService$executeUserRestrictions$2
com.cdccreditsmart.device.DeviceOwnerManager$isDeviceOwner$2
com.cdccreditsmart.device.fallback.FallbackDeviceManager
com.cdccreditsmart.device.offline.BackupDataManager$removeAllBackups$2
com.cdccreditsmart.device.offline.OfflineSystemManager$startAutomaticMonitoring$1
com.cdccreditsmart.device.CommandResult
com.cdccreditsmart.device.knox.SimulatedKnoxDeviceSecurityPolicy
com.cdccreditsmart.device.DeviceCommandExecutor$downloadApk$2
com.cdccreditsmart.device.offline.OfflineDataRepository$getContractWithRelatedData$2
com.cdccreditsmart.device.offline.OfflineSystemManager$performSystemIntegrityCheck$2