device/build/outputs/mapping/release/mapping.txt
# compiler: R8
# compiler_version: 8.13.6
# common_typos_disable
# {"id":"com.android.tools.r8.mapping","version":"2.2"}
# pg_map_id: 9faea49fa49013b772e3404ec8cc5b07d1229556f15129eaed741178108ce7bb
# pg_map_hash: SHA-256 9faea49fa49013b772e3404ec8cc5b07d1229556f15129eaed741178108ce7bb
com.cdccreditsmart.device.BuildConfig -> com.cdccreditsmart.device.BuildConfig:
# {"id":"sourceFile","fileName":"BuildConfig.java"}
    1:1:void <init>():6:6 -> <init>
com.cdccreditsmart.device.CDCDeviceAdminReceiver -> com.cdccreditsmart.device.CDCDeviceAdminReceiver:
# {"id":"sourceFile","fileName":"CDCDeviceAdminReceiver.kt"}
    1:12:void <clinit>():25:36 -> <clinit>
    13:13:void <clinit>():33:33 -> <clinit>
    1:1:void <init>():20:20 -> <init>
    1:1:java.util.List access$getCallbackSequence$cp():20:20 -> access$getCallbackSequence$cp
    1:1:java.util.Map access$getCallbackTimestamps$cp():20:20 -> access$getCallbackTimestamps$cp
    1:1:java.text.SimpleDateFormat access$getDateFormat$cp():20:20 -> access$getDateFormat$cp
    1:1:java.util.List access$getExpectedCallbacks$cp():20:20 -> access$getExpectedCallbacks$cp
    1:1:long access$getLastCallbackTime$cp():20:20 -> access$getLastCallbackTime$cp
    1:1:long access$getProvisioningStartTime$cp():20:20 -> access$getProvisioningStartTime$cp
    1:1:boolean access$isProvisioningInProgress$cp():20:20 -> access$isProvisioningInProgress$cp
    1:1:void access$setLastCallbackTime$cp(long):20:20 -> access$setLastCallbackTime$cp
    1:1:void access$setProvisioningInProgress$cp(boolean):20:20 -> access$setProvisioningInProgress$cp
    1:1:void access$setProvisioningStartTime$cp(long):20:20 -> access$setProvisioningStartTime$cp
    1:1:android.content.ComponentName getWho(android.content.Context):939:939 -> getWho
    1:11:boolean isAppInstalled(android.content.Context,java.lang.String):876:886 -> isAppInstalled
com.cdccreditsmart.device.CDCDeviceAdminReceiver$Companion -> com.cdccreditsmart.device.CDCDeviceAdminReceiver$Companion:
# {"id":"sourceFile","fileName":"CDCDeviceAdminReceiver.kt"}
    1:1:void <init>(kotlin.jvm.internal.DefaultConstructorMarker):0:0 -> <init>
    2:2:void access$signalSuccessToActiveMonitoring(com.cdccreditsmart.device.CDCDeviceAdminReceiver$Companion,android.content.Context,java.lang.String):22:22 -> <init>
    2:2:void <init>():22 -> <init>
    1:1:void access$signalSuccessToActiveMonitoring(com.cdccreditsmart.device.CDCDeviceAdminReceiver$Companion,android.content.Context,java.lang.String):22:22 -> access$addToCallbackSequence
    1:1:void access$addToCallbackSequence(com.cdccreditsmart.device.CDCDeviceAdminReceiver$Companion,java.lang.String):22 -> access$addToCallbackSequence
    1:1:void access$signalSuccessToActiveMonitoring(com.cdccreditsmart.device.CDCDeviceAdminReceiver$Companion,android.content.Context,java.lang.String):22:22 -> access$detectWorkProfileHang
    1:1:void access$detectWorkProfileHang(com.cdccreditsmart.device.CDCDeviceAdminReceiver$Companion,android.content.Context):22 -> access$detectWorkProfileHang
    1:1:void access$signalSuccessToActiveMonitoring(com.cdccreditsmart.device.CDCDeviceAdminReceiver$Companion,android.content.Context,java.lang.String):22:22 -> access$logCallbackSequence
    1:1:void access$logCallbackSequence(com.cdccreditsmart.device.CDCDeviceAdminReceiver$Companion):22 -> access$logCallbackSequence
com.cdccreditsmart.device.CommandExecutionStatus -> com.cdccreditsmart.device.CommandExecutionStatus:
# {"id":"sourceFile","fileName":"DeviceCommandExecutor.kt"}
    1:1:void <init>(kotlin.jvm.internal.DefaultConstructorMarker):0:0 -> <init>
    2:2:void <init>():494:494 -> <init>
com.cdccreditsmart.device.CommandExecutionStatus$Completed -> com.cdccreditsmart.device.CommandExecutionStatus$Completed:
# {"id":"sourceFile","fileName":"DeviceCommandExecutor.kt"}
    1:1:void <init>(java.lang.String,com.cdccreditsmart.device.CommandResult):497:497 -> <init>
    1:1:java.lang.String getCommand():497:497 -> getCommand
    1:1:com.cdccreditsmart.device.CommandResult getResult():497:497 -> getResult